<?xml version="1.0" encoding="UTF-8"?>
<!-- Generated by org.testng.reporters.JUnitReportReporter -->
<testsuite skipped="0" hostname="LT095011" name="com.CollageFinder.test.VerifyLaunchWebsite" tests="1" failures="0" timestamp="18 Aug 2022 13:27:14 GMT" time="3.024" errors="0">
  <testcase name="verifyLaunchWebsite" time="3.024" classname="com.CollageFinder.test.VerifyLaunchWebsite"/>
</testsuite> <!-- com.CollageFinder.test.VerifyLaunchWebsite -->
