<?xml version="1.0" encoding="UTF-8"?>
<!-- Generated by org.testng.reporters.JUnitReportReporter -->
<testsuite skipped="0" hostname="LT095011" name="com.CollageFinder.test.VerifyCollageFinder" tests="1" failures="0" timestamp="18 Aug 2022 12:11:12 GMT" time="25.511" errors="0">
  <testcase name="verifyOpenCollageFinder" time="25.511" classname="com.CollageFinder.test.VerifyCollageFinder"/>
</testsuite> <!-- com.CollageFinder.test.VerifyCollageFinder -->
